TN:
SF:src/constants.js
FNF:0
FNH:0
DA:2,1
DA:5,1
DA:6,1
DA:7,1
DA:10,1
DA:11,1
DA:12,1
DA:13,1
DA:16,1
DA:17,1
DA:18,1
DA:21,1
DA:22,1
DA:23,1
DA:24,1
DA:27,1
DA:28,1
DA:29,1
DA:32,1
DA:46,1
DA:49,1
DA:50,1
LF:22
LH:22
BRDA:46,0,0,1
BRF:1
BRH:1
end_of_record
TN:
SF:src/index.js
FNF:0
FNH:0
DA:14,1
LF:1
LH:1
BRF:0
BRH:0
end_of_record
TN:
SF:src/components/Control.vue
FN:18,(anonymous_0)
FN:33,(anonymous_1)
FN:46,(anonymous_2)
FN:51,(anonymous_3)
FN:58,(anonymous_4)
FN:71,(anonymous_5)
FN:87,handleMouseDownOnX
FN:102,(anonymous_7)
FN:111,(anonymous_8)
FN:119,handleMouseDownOnArrow
FN:131,(anonymous_10)
FN:140,(anonymous_11)
FNF:12
FNH:12
FNDA:609,(anonymous_0)
FNDA:361,(anonymous_1)
FNDA:237,(anonymous_2)
FNDA:246,(anonymous_3)
FNDA:770,(anonymous_4)
FNDA:770,(anonymous_5)
FNDA:5,handleMouseDownOnX
FNDA:5,(anonymous_7)
FNDA:3,(anonymous_8)
FNDA:2,handleMouseDownOnArrow
FNDA:610,(anonymous_10)
FNDA:770,(anonymous_11)
DA:19,609
DA:21,609
DA:34,361
DA:36,361
DA:39,36
DA:47,237
DA:49,237
DA:51,246
DA:59,770
DA:60,770
DA:62,770
DA:64,253
DA:72,770
DA:73,770
DA:78,770
DA:80,751
DA:97,5
DA:98,5
DA:100,5
DA:101,5
DA:102,5
DA:103,5
DA:106,5
DA:108,2
DA:111,3
DA:120,2
DA:121,2
DA:123,2
DA:126,2
DA:127,2
DA:132,610
DA:141,770
DA:142,770
DA:144,770
LF:34
LH:34
BRDA:22,0,0,609
BRDA:22,0,1,608
BRDA:22,0,2,594
BRDA:22,0,3,263
BRDA:22,0,4,13
BRDA:36,1,0,325
BRDA:36,1,1,36
BRDA:50,2,0,237
BRDA:50,2,1,237
BRDA:60,3,0,318
BRDA:60,3,1,452
BRDA:62,4,0,517
BRDA:62,4,1,253
BRDA:78,5,0,19
BRDA:78,5,1,751
BRDA:103,6,0,3
BRDA:103,6,1,2
BRDA:106,7,0,2
BRDA:106,7,1,3
BRDA:142,8,0,452
BRDA:142,8,1,318
BRF:21
BRH:21
end_of_record
TN:
SF:src/components/HiddenFields.vue
FN:4,stringifyValue
FN:17,(anonymous_1)
FN:28,(anonymous_2)
FNF:3
FNH:3
FNDA:11,stringifyValue
FNDA:790,(anonymous_1)
FNDA:7,(anonymous_2)
DA:5,11
DA:7,6
DA:18,790
DA:20,790
DA:22,5
DA:24,5
DA:28,5
DA:29,7
LF:8
LH:8
BRDA:5,0,0,5
BRDA:5,0,1,6
BRDA:7,1,0,6
BRDA:7,2,0,6
BRDA:7,2,1,6
BRDA:20,3,0,785
BRDA:20,3,1,5
BRDA:20,4,0,790
BRDA:20,4,1,16
BRDA:20,4,2,14
BRDA:24,5,0,2
BRDA:24,5,1,3
BRDA:24,6,0,5
BRDA:24,6,1,3
BRF:14
BRH:14
end_of_record
TN:
SF:src/components/Input.vue
FN:19,(anonymous_0)
FN:25,(anonymous_1)
FN:35,(anonymous_2)
FN:43,(anonymous_3)
FN:47,(anonymous_4)
FN:53,(anonymous_5)
FN:62,(anonymous_6)
FN:68,(anonymous_7)
FN:76,(anonymous_8)
FN:80,(anonymous_9)
FN:88,(anonymous_10)
FN:102,(anonymous_11)
FN:116,(anonymous_12)
FN:205,(anonymous_13)
FN:214,(anonymous_14)
FN:250,(anonymous_15)
FN:271,(anonymous_16)
FN:277,(anonymous_17)
FN:284,(anonymous_18)
FN:291,(anonymous_19)
FNF:20
FNH:18
FNDA:365,(anonymous_0)
FNDA:353,(anonymous_1)
FNDA:366,(anonymous_2)
FNDA:121,(anonymous_3)
FNDA:121,(anonymous_4)
FNDA:365,(anonymous_5)
FNDA:0,(anonymous_6)
FNDA:23,(anonymous_7)
FNDA:43,(anonymous_8)
FNDA:10,(anonymous_9)
FNDA:9,(anonymous_10)
FNDA:109,(anonymous_11)
FNDA:114,(anonymous_12)
FNDA:0,(anonymous_13)
FNDA:508,(anonymous_14)
FNDA:490,(anonymous_15)
FNDA:146,(anonymous_16)
FNDA:16,(anonymous_17)
FNDA:109,(anonymous_18)
FNDA:508,(anonymous_19)
DA:5,1
DA:19,365
DA:26,353
DA:28,353
DA:36,366
DA:44,121
DA:49,121
DA:54,365
DA:63,0
DA:69,23
DA:71,23
DA:72,21
DA:77,43
DA:81,10
DA:83,10
DA:85,10
DA:89,9
DA:90,9
DA:98,9
DA:99,9
DA:103,109
DA:105,109
DA:107,109
DA:108,100
DA:110,9
DA:111,9
DA:117,114
DA:120,114
DA:122,114
DA:123,0
DA:125,114
DA:126,7
DA:127,7
DA:130,107
DA:132,0
DA:133,0
DA:135,0
DA:138,4
DA:139,4
DA:140,3
DA:141,3
DA:142,2
DA:143,2
DA:146,1
DA:147,0
DA:148,1
DA:149,1
DA:151,1
DA:154,5
DA:155,5
DA:156,5
DA:159,5
DA:160,5
DA:161,5
DA:164,6
DA:165,6
DA:166,2
DA:167,2
DA:168,4
DA:169,2
DA:170,2
DA:172,6
DA:175,39
DA:176,39
DA:177,39
DA:180,5
DA:181,5
DA:182,3
DA:183,3
DA:185,5
DA:188,41
DA:189,41
DA:190,41
DA:193,0
DA:194,0
DA:196,0
DA:200,1
DA:215,508
DA:216,508
DA:217,508
DA:219,508
DA:220,490
DA:221,490
DA:224,508
DA:225,4
DA:235,508
DA:236,4
DA:243,508
DA:251,490
DA:253,490
DA:272,146
DA:278,16
DA:285,109
DA:287,109
DA:292,508
LF:95
LH:86
BRDA:29,0,0,353
BRDA:29,0,1,353
BRDA:29,0,2,353
BRDA:37,1,0,130
BRDA:37,1,1,236
BRDA:49,2,0,16
BRDA:71,3,0,21
BRDA:71,3,1,2
BRDA:72,4,0,21
BRDA:72,4,1,21
BRDA:77,5,0,43
BRDA:77,5,1,43
BRDA:85,6,0,2
BRDA:107,7,0,100
BRDA:107,7,1,9
BRDA:120,8,0,114
BRDA:122,9,0,0
BRDA:122,9,1,114
BRDA:122,10,0,114
BRDA:122,10,1,114
BRDA:122,10,2,114
BRDA:122,10,3,114
BRDA:125,11,0,7
BRDA:125,11,1,107
BRDA:125,12,0,114
BRDA:125,12,1,8
BRDA:130,13,0,0
BRDA:130,13,1,4
BRDA:130,13,2,1
BRDA:130,13,3,5
BRDA:130,13,4,5
BRDA:130,13,5,6
BRDA:130,13,6,39
BRDA:130,13,7,5
BRDA:130,13,8,41
BRDA:130,13,9,0
BRDA:130,13,10,1
BRDA:132,14,0,0
BRDA:132,14,1,0
BRDA:132,15,0,0
BRDA:132,15,1,0
BRDA:139,16,0,1
BRDA:139,16,1,3
BRDA:141,17,0,1
BRDA:141,17,1,2
BRDA:141,18,0,3
BRDA:141,18,1,1
BRDA:146,19,0,0
BRDA:146,19,1,1
BRDA:148,20,0,1
BRDA:148,20,1,0
BRDA:165,21,0,2
BRDA:165,21,1,4
BRDA:165,22,0,6
BRDA:165,22,1,4
BRDA:168,23,0,2
BRDA:168,23,1,2
BRDA:168,24,0,4
BRDA:168,24,1,2
BRDA:168,24,2,1
BRDA:168,24,3,1
BRDA:181,25,0,3
BRDA:181,25,1,2
BRDA:181,26,0,5
BRDA:181,26,1,4
BRDA:193,27,0,0
BRDA:193,27,1,0
BRDA:193,28,0,0
BRDA:193,28,1,0
BRDA:219,29,0,490
BRDA:219,29,1,18
BRDA:219,30,0,508
BRDA:219,30,1,504
BRDA:221,31,0,146
BRDA:221,31,1,344
BRDA:224,32,0,4
BRDA:224,32,1,504
BRDA:235,33,0,4
BRDA:235,33,1,504
BRDA:235,34,0,508
BRDA:235,34,1,4
BRDA:259,35,0,490
BRDA:259,35,1,3
BRF:83
BRH:70
end_of_record
TN:
SF:src/components/Menu.vue
FN:26,(anonymous_0)
FN:34,(anonymous_1)
FN:44,(anonymous_2)
FN:54,(anonymous_3)
FN:59,(anonymous_4)
FN:65,(anonymous_5)
FN:70,(anonymous_6)
FN:88,(anonymous_7)
FN:97,(anonymous_8)
FN:106,(anonymous_9)
FN:120,(anonymous_10)
FN:136,(anonymous_11)
FN:157,(anonymous_12)
FN:168,(anonymous_13)
FN:175,(anonymous_14)
FN:183,(anonymous_15)
FN:191,(anonymous_16)
FN:204,(anonymous_17)
FN:220,(anonymous_18)
FN:228,(anonymous_19)
FN:236,(anonymous_20)
FN:242,(anonymous_21)
FN:247,(anonymous_22)
FN:277,(anonymous_23)
FN:289,(anonymous_24)
FN:301,(anonymous_25)
FN:308,(anonymous_26)
FN:316,(anonymous_27)
FNF:28
FNH:28
FNDA:109,(anonymous_0)
FNDA:347,(anonymous_1)
FNDA:162,(anonymous_2)
FNDA:346,(anonymous_3)
FNDA:346,(anonymous_4)
FNDA:22,(anonymous_5)
FNDA:592,(anonymous_6)
FNDA:189,(anonymous_7)
FNDA:189,(anonymous_8)
FNDA:118,(anonymous_9)
FNDA:20,(anonymous_10)
FNDA:51,(anonymous_11)
FNDA:109,(anonymous_12)
FNDA:179,(anonymous_13)
FNDA:8,(anonymous_14)
FNDA:23,(anonymous_15)
FNDA:3,(anonymous_16)
FNDA:1,(anonymous_17)
FNDA:35,(anonymous_18)
FNDA:10,(anonymous_19)
FNDA:112,(anonymous_20)
FNDA:73,(anonymous_21)
FNDA:446,(anonymous_22)
FNDA:112,(anonymous_23)
FNDA:112,(anonymous_24)
FNDA:73,(anonymous_25)
FNDA:73,(anonymous_26)
FNDA:592,(anonymous_27)
DA:8,1
DA:27,109
DA:29,109
DA:35,347
DA:37,347
DA:45,162
DA:47,111
DA:49,51
DA:55,346
DA:56,346
DA:60,346
DA:62,346
DA:66,22
DA:71,592
DA:73,592
DA:75,189
DA:89,189
DA:90,189
DA:92,189
DA:98,189
DA:99,189
DA:101,189
DA:107,118
DA:109,118
DA:110,13
DA:111,105
DA:112,3
DA:113,102
DA:114,35
DA:116,67
DA:121,20
DA:123,20
DA:124,0
DA:125,20
DA:126,0
DA:127,20
DA:128,0
DA:129,20
DA:130,10
DA:132,10
DA:137,51
DA:138,51
DA:139,51
DA:140,51
DA:144,51
DA:145,8
DA:146,43
DA:147,10
DA:148,33
DA:149,1
DA:150,32
DA:151,0
DA:153,32
DA:158,109
DA:161,109
DA:162,7
DA:166,102
DA:169,179
DA:176,8
DA:178,8
DA:184,23
DA:186,23
DA:192,3
DA:194,3
DA:205,1
DA:206,1
DA:210,1
DA:221,35
DA:223,35
DA:229,10
DA:231,10
DA:237,112
DA:238,112
DA:239,112
DA:243,73
DA:244,73
DA:248,446
DA:249,446
DA:251,446
DA:252,446
DA:253,446
DA:254,446
DA:255,446
DA:256,446
DA:257,446
DA:258,446
DA:260,446
DA:263,446
DA:264,446
DA:266,446
DA:267,2
DA:268,444
DA:269,0
DA:270,444
DA:271,432
DA:273,12
DA:278,112
DA:279,112
DA:284,112
DA:290,112
DA:291,112
DA:296,112
DA:302,73
DA:304,66
DA:305,66
DA:309,73
DA:311,66
DA:312,66
DA:317,592
LF:109
LH:104
BRDA:38,0,0,8
BRDA:38,0,1,339
BRDA:45,1,0,111
BRDA:45,1,1,51
BRDA:62,2,0,1
BRDA:62,2,1,345
BRDA:73,3,0,403
BRDA:73,3,1,189
BRDA:78,4,0,51
BRDA:78,4,1,138
BRDA:80,5,0,20
BRDA:80,5,1,118
BRDA:92,6,0,0
BRDA:92,6,1,189
BRDA:101,7,0,0
BRDA:101,7,1,189
BRDA:109,8,0,13
BRDA:109,8,1,105
BRDA:111,9,0,3
BRDA:111,9,1,102
BRDA:113,10,0,35
BRDA:113,10,1,67
BRDA:113,11,0,102
BRDA:113,11,1,98
BRDA:123,12,0,0
BRDA:123,12,1,20
BRDA:125,13,0,0
BRDA:125,13,1,20
BRDA:127,14,0,0
BRDA:127,14,1,20
BRDA:127,15,0,20
BRDA:127,15,1,20
BRDA:129,16,0,10
BRDA:129,16,1,10
BRDA:139,17,0,51
BRDA:139,17,1,14
BRDA:140,18,0,8
BRDA:140,18,1,43
BRDA:142,19,0,43
BRDA:142,19,1,32
BRDA:144,20,0,8
BRDA:144,20,1,43
BRDA:146,21,0,10
BRDA:146,21,1,33
BRDA:148,22,0,1
BRDA:148,22,1,32
BRDA:150,23,0,0
BRDA:150,23,1,32
BRDA:161,24,0,7
BRDA:161,24,1,102
BRDA:249,25,0,0
BRDA:249,25,1,446
BRDA:260,26,0,446
BRDA:260,26,1,444
BRDA:260,26,2,3
BRDA:260,26,3,2
BRDA:266,27,0,2
BRDA:266,27,1,444
BRDA:268,28,0,0
BRDA:268,28,1,444
BRDA:270,29,0,432
BRDA:270,29,1,12
BRDA:270,30,0,444
BRDA:270,30,1,12
BRDA:302,31,0,7
BRDA:302,31,1,66
BRDA:309,32,0,7
BRDA:309,32,1,66
BRF:68
BRH:60
end_of_record
TN:
SF:src/components/MenuPortal.vue
FN:11,(anonymous_0)
FN:19,(anonymous_1)
FN:24,(anonymous_2)
FN:29,(anonymous_3)
FN:36,(anonymous_4)
FN:43,(anonymous_5)
FN:48,(anonymous_6)
FN:60,(anonymous_7)
FN:68,(anonymous_8)
FN:75,(anonymous_9)
FN:82,(anonymous_10)
FN:89,(anonymous_11)
FN:98,(anonymous_12)
FN:109,(anonymous_13)
FN:116,(anonymous_14)
FN:128,(anonymous_15)
FN:138,(anonymous_16)
FN:142,(anonymous_17)
FN:146,(anonymous_18)
FN:151,(anonymous_19)
FN:162,(anonymous_20)
FN:171,(anonymous_21)
FNF:22
FNH:20
FNDA:6,(anonymous_0)
FNDA:0,(anonymous_1)
FNDA:8,(anonymous_2)
FNDA:8,(anonymous_3)
FNDA:6,(anonymous_4)
FNDA:4,(anonymous_5)
FNDA:6,(anonymous_6)
FNDA:6,(anonymous_7)
FNDA:0,(anonymous_8)
FNDA:4,(anonymous_9)
FNDA:4,(anonymous_10)
FNDA:6,(anonymous_11)
FNDA:30,(anonymous_12)
FNDA:30,(anonymous_13)
FNDA:14,(anonymous_14)
FNDA:3,(anonymous_15)
FNDA:8,(anonymous_16)
FNDA:8,(anonymous_17)
FNDA:3,(anonymous_18)
FNDA:8,(anonymous_19)
FNDA:3,(anonymous_20)
FNDA:8,(anonymous_21)
DA:6,1
DA:12,6
DA:13,5
DA:15,1
DA:20,0
DA:25,8
DA:26,8
DA:30,8
DA:32,8
DA:37,6
DA:38,6
DA:39,6
DA:40,6
DA:44,4
DA:45,4
DA:49,6
DA:50,6
DA:55,6
DA:61,6
DA:62,6
DA:67,6
DA:69,0
DA:70,0
DA:76,4
DA:78,3
DA:79,3
DA:83,4
DA:85,3
DA:86,3
DA:90,6
DA:91,6
DA:92,6
DA:93,6
DA:95,6
DA:99,30
DA:100,30
DA:101,30
DA:102,30
DA:103,30
DA:104,30
DA:105,30
DA:106,30
DA:107,30
DA:108,30
DA:109,30
DA:112,30
DA:117,14
DA:118,14
DA:119,14
DA:121,14
DA:129,3
DA:139,8
DA:143,8
DA:147,3
DA:152,8
DA:153,8
DA:155,8
DA:163,3
DA:164,3
DA:166,3
DA:167,3
DA:172,8
DA:176,8
LF:63
LH:60
BRDA:12,0,0,5
BRDA:12,0,1,1
BRDA:32,1,0,1
BRDA:32,1,1,7
BRDA:76,2,0,1
BRDA:76,2,1,3
BRDA:83,3,0,1
BRDA:83,3,1,3
BRDA:104,4,0,30
BRDA:104,4,1,0
BRDA:172,5,0,1
BRDA:172,5,1,7
BRF:12
BRH:11
end_of_record
TN:
SF:src/components/MultiValue.vue
FN:11,(anonymous_0)
FN:17,(anonymous_1)
FN:22,(anonymous_2)
FN:36,(anonymous_3)
FNF:4
FNH:4
FNDA:308,(anonymous_0)
FNDA:370,(anonymous_1)
FNDA:308,(anonymous_2)
FNDA:308,(anonymous_3)
DA:12,308
DA:14,308
DA:18,370
DA:23,308
DA:24,308
DA:26,308
DA:28,1
DA:37,308
DA:38,308
DA:46,308
LF:10
LH:10
BRDA:26,0,0,307
BRDA:26,0,1,1
BRF:2
BRH:2
end_of_record
TN:
SF:src/components/MultiValueItem.vue
FN:17,handleMouseDown
FN:25,(anonymous_1)
FNF:2
FNH:1
FNDA:0,handleMouseDown
FNDA:175,(anonymous_1)
DA:18,0
DA:21,0
DA:26,175
DA:27,175
DA:32,175
DA:33,175
DA:35,175
LF:7
LH:5
BRDA:33,0,0,0
BRDA:33,0,1,175
BRF:2
BRH:1
end_of_record
TN:
SF:src/components/Option.vue
FN:21,(anonymous_0)
FN:27,(anonymous_1)
FN:35,(anonymous_2)
FN:59,(anonymous_3)
FN:79,(anonymous_4)
FN:119,(anonymous_5)
FN:127,(anonymous_6)
FN:140,(anonymous_7)
FN:166,(anonymous_8)
FN:201,(anonymous_9)
FN:206,(anonymous_10)
FN:211,(anonymous_11)
FN:221,(anonymous_12)
FN:231,(anonymous_13)
FN:246,(anonymous_14)
FN:256,handleMouseDownOnOptionArrow
FN:265,handleMouseDownOnLabelContainer
FN:275,handleMouseDownOnRetry
FN:282,(anonymous_18)
FNF:19
FNH:18
FNDA:214,(anonymous_0)
FNDA:360,(anonymous_1)
FNDA:510,(anonymous_2)
FNDA:283,(anonymous_3)
FNDA:510,(anonymous_4)
FNDA:510,(anonymous_5)
FNDA:510,(anonymous_6)
FNDA:510,(anonymous_7)
FNDA:510,(anonymous_8)
FNDA:91,(anonymous_9)
FNDA:109,(anonymous_10)
FNDA:91,(anonymous_11)
FNDA:91,(anonymous_12)
FNDA:91,(anonymous_13)
FNDA:2,(anonymous_14)
FNDA:6,handleMouseDownOnOptionArrow
FNDA:12,handleMouseDownOnLabelContainer
FNDA:0,handleMouseDownOnRetry
FNDA:510,(anonymous_18)
DA:9,1
DA:22,214
DA:24,214
DA:28,360
DA:30,360
DA:36,510
DA:37,510
DA:46,510
DA:60,283
DA:63,283
DA:64,74
DA:67,209
DA:69,91
DA:80,510
DA:82,510
DA:84,508
DA:85,283
DA:91,283
DA:96,283
DA:108,225
DA:109,171
DA:113,171
DA:116,54
DA:120,510
DA:128,510
DA:130,510
DA:131,163
DA:133,152
DA:141,510
DA:142,510
DA:143,510
DA:151,510
DA:154,510
DA:158,510
DA:167,510
DA:169,510
DA:174,510
DA:179,510
DA:180,510
DA:181,510
DA:183,510
DA:191,510
DA:202,91
DA:204,91
DA:206,86
DA:207,109
DA:212,91
DA:214,91
DA:216,3
DA:222,91
DA:224,91
DA:226,5
DA:232,91
DA:234,91
DA:236,0
DA:247,2
DA:253,2
DA:257,6
DA:258,6
DA:260,6
DA:262,6
DA:266,12
DA:268,12
DA:269,4
DA:271,8
DA:276,0
DA:278,0
DA:283,510
DA:284,510
DA:285,510
DA:289,510
DA:295,510
LF:72
LH:69
BRDA:24,0,0,214
BRDA:24,0,1,214
BRDA:42,1,0,510
BRDA:42,1,1,58
BRDA:63,2,0,74
BRDA:63,2,1,209
BRDA:67,3,0,118
BRDA:67,3,1,91
BRDA:82,4,0,2
BRDA:82,4,1,508
BRDA:82,5,0,510
BRDA:82,5,1,6
BRDA:84,6,0,283
BRDA:84,6,1,225
BRDA:108,7,0,171
BRDA:108,7,1,54
BRDA:109,8,0,1
BRDA:109,8,1,170
BRDA:130,9,0,347
BRDA:130,9,1,163
BRDA:131,10,0,11
BRDA:131,10,1,152
BRDA:131,11,0,163
BRDA:131,11,1,16
BRDA:151,12,0,1
BRDA:151,12,1,509
BRDA:154,13,0,1
BRDA:154,13,1,509
BRDA:169,14,0,510
BRDA:169,14,1,283
BRDA:169,15,0,28
BRDA:169,15,1,255
BRDA:174,16,0,24
BRDA:174,16,1,486
BRDA:175,17,0,12
BRDA:175,17,1,12
BRDA:183,18,0,0
BRDA:183,18,1,510
BRDA:194,19,0,510
BRDA:194,19,1,24
BRDA:204,20,0,5
BRDA:204,20,1,86
BRDA:214,21,0,88
BRDA:214,21,1,3
BRDA:214,22,0,91
BRDA:214,22,1,86
BRDA:224,23,0,86
BRDA:224,23,1,5
BRDA:234,24,0,91
BRDA:234,24,1,0
BRDA:268,25,0,4
BRDA:268,25,1,8
BRDA:268,26,0,12
BRDA:268,26,1,8
BRDA:284,27,0,6
BRDA:284,27,1,504
BRDA:298,28,0,510
BRDA:298,28,1,283
BRF:58
BRH:56
end_of_record
TN:
SF:src/components/Placeholder.vue
FN:6,(anonymous_0)
FNF:1
FNH:1
FNDA:713,(anonymous_0)
DA:7,713
DA:8,713
DA:14,713
LF:3
LH:3
BRDA:11,0,0,713
BRDA:11,0,1,454
BRF:2
BRH:2
end_of_record
TN:
SF:src/components/SingleValue.vue
FN:9,(anonymous_0)
FN:19,(anonymous_1)
FNF:2
FNH:2
FNDA:63,(anonymous_0)
FNDA:302,(anonymous_1)
DA:10,63
DA:11,63
DA:13,63
DA:14,63
DA:20,302
DA:21,302
DA:23,302
LF:7
LH:7
BRDA:14,0,0,0
BRDA:14,0,1,63
BRDA:21,1,0,302
BRDA:21,1,1,65
BRDA:24,2,0,302
BRDA:24,2,1,63
BRF:6
BRH:5
end_of_record
TN:
SF:src/components/Tip.vue
FN:17,(anonymous_0)
FNF:1
FNH:1
FNDA:88,(anonymous_0)
DA:18,88
DA:20,88
LF:2
LH:2
BRF:0
BRH:0
end_of_record
TN:
SF:src/components/Treeselect.vue
FN:13,(anonymous_0)
FN:31,(anonymous_1)
FNF:2
FNH:2
FNDA:779,(anonymous_0)
FNDA:790,(anonymous_1)
DA:14,779
DA:32,790
LF:2
LH:2
BRDA:36,0,0,15
BRDA:36,0,1,775
BRF:2
BRH:2
end_of_record
TN:
SF:src/components/VirtualList.vue
FN:28,(anonymous_0)
FN:38,(anonymous_1)
FN:42,(anonymous_2)
FN:57,(anonymous_3)
FN:64,(anonymous_4)
FN:72,(anonymous_5)
FN:77,(anonymous_6)
FN:86,(anonymous_7)
FN:92,(anonymous_8)
FN:98,(anonymous_9)
FN:103,(anonymous_10)
FN:108,(anonymous_11)
FN:109,(anonymous_12)
FN:120,(anonymous_13)
FN:127,(anonymous_14)
FN:131,(anonymous_15)
FN:140,(anonymous_16)
FN:160,(anonymous_17)
FN:182,(anonymous_18)
FNF:19
FNH:19
FNDA:7,(anonymous_0)
FNDA:8,(anonymous_1)
FNDA:458,(anonymous_2)
FNDA:5,(anonymous_3)
FNDA:453,(anonymous_4)
FNDA:8,(anonymous_5)
FNDA:14,(anonymous_6)
FNDA:7,(anonymous_7)
FNDA:15,(anonymous_8)
FNDA:15,(anonymous_9)
FNDA:7,(anonymous_10)
FNDA:7,(anonymous_11)
FNDA:7,(anonymous_12)
FNDA:7,(anonymous_13)
FNDA:1,(anonymous_14)
FNDA:7,(anonymous_15)
FNDA:195,(anonymous_16)
FNDA:15,(anonymous_17)
FNDA:195,(anonymous_18)
DA:29,7
DA:39,8
DA:40,8
DA:42,8
DA:43,458
DA:44,0
DA:47,458
DA:54,458
DA:56,3
DA:57,3
DA:58,5
DA:64,8
DA:65,453
DA:68,8
DA:73,8
DA:78,14
DA:80,14
DA:82,0
DA:87,7
DA:88,7
DA:93,15
DA:94,15
DA:99,15
DA:104,7
DA:109,7
DA:110,7
DA:111,7
DA:113,7
DA:114,7
DA:115,7
DA:121,7
DA:122,7
DA:128,1
DA:132,7
DA:133,7
DA:134,7
DA:135,0
DA:141,195
DA:142,195
DA:146,195
DA:147,195
DA:152,195
DA:161,15
DA:162,15
DA:166,15
DA:182,195
LF:46
LH:43
BRDA:42,0,0,0
BRDA:43,1,0,0
BRDA:43,1,1,458
BRDA:54,2,0,3
BRDA:54,2,1,455
BRDA:54,3,0,458
BRDA:54,3,1,322
BRDA:56,4,0,3
BRDA:56,4,1,0
BRDA:56,5,0,3
BRDA:56,5,1,3
BRDA:78,6,0,14
BRDA:78,6,1,0
BRDA:78,7,0,14
BRDA:78,7,1,7
BRDA:80,8,0,14
BRDA:80,8,1,0
BRDA:113,9,0,7
BRDA:113,9,1,0
BRDA:121,10,0,7
BRDA:121,10,1,0
BRDA:132,11,0,7
BRDA:132,11,1,0
BRDA:134,12,0,0
BRDA:134,12,1,7
BRDA:146,13,0,0
BRDA:146,13,1,195
BRF:27
BRH:17
end_of_record
TN:
SF:src/components/icons/Arrow.vue
FNF:0
FNH:0
LF:0
LH:0
BRF:0
BRH:0
end_of_record
TN:
SF:src/components/icons/Delete.vue
FNF:0
FNH:0
LF:0
LH:0
BRF:0
BRH:0
end_of_record
TN:
SF:src/examples/LargeDataExample.vue
FN:8,(anonymous_0)
FN:19,(anonymous_1)
FN:30,(anonymous_2)
FN:34,(anonymous_3)
FN:45,(anonymous_4)
FN:51,(anonymous_5)
FN:56,(anonymous_6)
FN:61,(anonymous_7)
FN:66,(anonymous_8)
FNF:9
FNH:0
FNDA:0,(anonymous_0)
FNDA:0,(anonymous_1)
FNDA:0,(anonymous_2)
FNDA:0,(anonymous_3)
FNDA:0,(anonymous_4)
FNDA:0,(anonymous_5)
FNDA:0,(anonymous_6)
FNDA:0,(anonymous_7)
FNDA:0,(anonymous_8)
DA:9,0
DA:21,0
DA:31,0
DA:32,0
DA:34,0
DA:35,0
DA:36,0
DA:37,0
DA:39,0
DA:45,0
DA:51,0
DA:52,0
DA:58,0
DA:63,0
DA:68,0
LF:15
LH:0
BRDA:37,0,0,0
BRDA:37,0,1,0
BRDA:41,1,0,0
BRDA:41,1,1,0
BRDA:42,2,0,0
BRDA:42,2,1,0
BRF:6
BRH:0
end_of_record
TN:
SF:src/mixins/treeselectMixin.js
FN:21,sortValueByIndex
FN:31,sortValueByLevel
FN:37,createAsyncOptionsStates
FN:45,stringifyOptionPropValue
FN:52,match
FN:58,getErrorMessage
FN:65,(anonymous_6)
FN:325,(anonymous_7)
FN:352,limitTextDefault
FN:452,(anonymous_9)
FN:557,(anonymous_10)
FN:581,(anonymous_11)
FN:615,(anonymous_12)
FN:658,(anonymous_13)
FN:715,(anonymous_14)
FN:722,(anonymous_15)
FN:754,(anonymous_16)
FN:756,(anonymous_17)
FN:765,(anonymous_18)
FN:772,(anonymous_19)
FN:783,(anonymous_20)
FN:786,(anonymous_21)
FN:802,(anonymous_22)
FN:809,(anonymous_23)
FN:821,(anonymous_24)
FN:822,(anonymous_25)
FN:824,(anonymous_26)
FN:831,(anonymous_27)
FN:836,(anonymous_28)
FN:840,(anonymous_29)
FN:846,(anonymous_30)
FN:850,(anonymous_31)
FN:858,(anonymous_32)
FN:862,(anonymous_33)
FN:870,(anonymous_34)
FN:880,(anonymous_35)
FN:895,(anonymous_36)
FN:903,(anonymous_37)
FN:905,(anonymous_38)
FN:906,(anonymous_39)
FN:911,(anonymous_40)
FN:912,(anonymous_41)
FN:918,(anonymous_42)
FN:919,(anonymous_43)
FN:931,(anonymous_44)
FN:933,(anonymous_45)
FN:934,(anonymous_46)
FN:940,(anonymous_47)
FN:944,(anonymous_48)
FN:967,(anonymous_49)
FN:971,(anonymous_50)
FN:978,(anonymous_51)
FN:982,(anonymous_52)
FN:984,(anonymous_53)
FN:985,(anonymous_54)
FN:995,(anonymous_55)
FN:1021,(anonymous_56)
FN:1031,(anonymous_57)
FN:1032,(anonymous_58)
FN:1035,(anonymous_59)
FN:1047,(anonymous_60)
FN:1053,(anonymous_61)
FN:1103,(anonymous_62)
FN:1106,(anonymous_63)
FN:1116,(anonymous_64)
FN:1121,(anonymous_65)
FN:1133,(anonymous_66)
FN:1135,(anonymous_67)
FN:1142,(anonymous_68)
FN:1143,(anonymous_69)
FN:1150,(anonymous_70)
FN:1151,(anonymous_71)
FN:1152,(anonymous_72)
FN:1164,(anonymous_73)
FN:1172,(anonymous_74)
FN:1176,(anonymous_75)
FN:1180,(anonymous_76)
FN:1184,(anonymous_77)
FN:1188,handleMouseDown
FN:1209,(anonymous_79)
FN:1217,(anonymous_80)
FN:1219,(anonymous_81)
FN:1232,(anonymous_82)
FN:1249,(anonymous_83)
FN:1251,(anonymous_84)
FN:1255,(anonymous_85)
FN:1262,(anonymous_86)
FN:1263,(anonymous_87)
FN:1283,(anonymous_88)
FN:1286,(anonymous_89)
FN:1298,(anonymous_90)
FN:1301,(anonymous_91)
FN:1306,(anonymous_92)
FN:1313,(anonymous_93)
FN:1316,(anonymous_94)
FN:1322,(anonymous_95)
FN:1331,(anonymous_96)
FN:1332,(anonymous_97)
FN:1357,(anonymous_98)
FN:1361,(anonymous_99)
FN:1373,(anonymous_100)
FN:1380,(anonymous_101)
FN:1384,(anonymous_102)
FN:1390,(anonymous_103)
FN:1400,(anonymous_104)
FN:1416,(anonymous_105)
FN:1428,(anonymous_106)
FN:1435,(anonymous_107)
FN:1443,(anonymous_108)
FN:1451,(anonymous_109)
FN:1458,(anonymous_110)
FN:1462,(anonymous_111)
FN:1471,(anonymous_112)
FN:1481,(anonymous_113)
FN:1489,(anonymous_114)
FN:1504,(anonymous_115)
FN:1506,(anonymous_116)
FN:1513,(anonymous_117)
FN:1517,(anonymous_118)
FN:1521,(anonymous_119)
FN:1532,(anonymous_120)
FN:1539,(anonymous_121)
FN:1541,(anonymous_122)
FN:1542,(anonymous_123)
FN:1555,(anonymous_124)
FN:1613,(anonymous_125)
FN:1619,(anonymous_126)
FN:1620,(anonymous_127)
FN:1627,(anonymous_128)
FN:1628,(anonymous_129)
FN:1664,(anonymous_130)
FN:1665,(anonymous_131)
FN:1672,(anonymous_132)
FN:1675,(anonymous_133)
FN:1678,(anonymous_134)
FN:1682,(anonymous_135)
FN:1685,(anonymous_136)
FN:1689,(anonymous_137)
FN:1692,(anonymous_138)
FN:1698,(anonymous_139)
FN:1713,(anonymous_140)
FN:1716,(anonymous_141)
FN:1720,(anonymous_142)
FN:1723,(anonymous_143)
FN:1726,(anonymous_144)
FN:1732,(anonymous_145)
FN:1739,(anonymous_146)
FN:1757,(anonymous_147)
FN:1759,(anonymous_148)
FN:1761,(anonymous_149)
FN:1768,(anonymous_150)
FN:1770,(anonymous_151)
FN:1771,(anonymous_152)
FN:1776,(anonymous_153)
FN:1778,(anonymous_154)
FN:1779,(anonymous_155)
FN:1784,(anonymous_156)
FN:1825,(anonymous_157)
FN:1830,(anonymous_158)
FN:1840,(anonymous_159)
FN:1849,(anonymous_160)
FN:1853,(anonymous_161)
FN:1871,(anonymous_162)
FN:1888,(anonymous_163)
FN:1897,(anonymous_164)
FN:1901,(anonymous_165)
FN:1911,(anonymous_166)
FN:1934,(anonymous_167)
FN:1939,(anonymous_168)
FN:1944,(anonymous_169)
FN:1952,(anonymous_170)
FN:1958,(anonymous_171)
FN:1965,(anonymous_172)
FN:1972,(anonymous_173)
FN:1979,(anonymous_174)
FNF:175
FNH:170
FNDA:14,sortValueByIndex
FNDA:21,sortValueByLevel
FNDA:4820,createAsyncOptionsStates
FNDA:14071,stringifyOptionPropValue
FNDA:80,match
FNDA:6,getErrorMessage
FNDA:342,(anonymous_6)
FNDA:332,(anonymous_7)
FNDA:1,limitTextDefault
FNDA:356,(anonymous_9)
FNDA:356,(anonymous_10)
FNDA:356,(anonymous_11)
FNDA:356,(anonymous_12)
FNDA:342,(anonymous_13)
FNDA:282,(anonymous_14)
FNDA:649,(anonymous_15)
FNDA:21,(anonymous_16)
FNDA:13,(anonymous_17)
FNDA:598,(anonymous_18)
FNDA:365,(anonymous_19)
FNDA:199,(anonymous_20)
FNDA:732,(anonymous_21)
FNDA:198,(anonymous_22)
FNDA:10,(anonymous_23)
FNDA:85,(anonymous_24)
FNDA:123,(anonymous_25)
FNDA:79,(anonymous_26)
FNDA:2,(anonymous_27)
FNDA:1,(anonymous_28)
FNDA:6,(anonymous_29)
FNDA:0,(anonymous_30)
FNDA:289,(anonymous_31)
FNDA:1,(anonymous_32)
FNDA:23,(anonymous_33)
FNDA:353,(anonymous_34)
FNDA:121,(anonymous_35)
FNDA:48,(anonymous_36)
FNDA:342,(anonymous_37)
FNDA:342,(anonymous_38)
FNDA:1,(anonymous_39)
FNDA:1,(anonymous_40)
FNDA:1,(anonymous_41)
FNDA:22,(anonymous_42)
FNDA:1,(anonymous_43)
FNDA:1280,(anonymous_44)
FNDA:1280,(anonymous_45)
FNDA:4,(anonymous_46)
FNDA:359,(anonymous_47)
FNDA:439,(anonymous_48)
FNDA:14862,(anonymous_49)
FNDA:225,(anonymous_50)
FNDA:4,(anonymous_51)
FNDA:1952,(anonymous_52)
FNDA:1952,(anonymous_53)
FNDA:1,(anonymous_54)
FNDA:70,(anonymous_55)
FNDA:390,(anonymous_56)
FNDA:9,(anonymous_57)
FNDA:9,(anonymous_58)
FNDA:70,(anonymous_59)
FNDA:3,(anonymous_60)
FNDA:464,(anonymous_61)
FNDA:425,(anonymous_62)
FNDA:84,(anonymous_63)
FNDA:1046,(anonymous_64)
FNDA:30,(anonymous_65)
FNDA:175,(anonymous_66)
FNDA:85,(anonymous_67)
FNDA:46,(anonymous_68)
FNDA:84,(anonymous_69)
FNDA:420,(anonymous_70)
FNDA:5118,(anonymous_71)
FNDA:14998,(anonymous_72)
FNDA:195,(anonymous_73)
FNDA:83,(anonymous_74)
FNDA:66,(anonymous_75)
FNDA:23,(anonymous_76)
FNDA:43,(anonymous_77)
FNDA:18,handleMouseDown
FNDA:38,(anonymous_79)
FNDA:34,(anonymous_80)
FNDA:34,(anonymous_81)
FNDA:76,(anonymous_82)
FNDA:76,(anonymous_83)
FNDA:6,(anonymous_84)
FNDA:74,(anonymous_85)
FNDA:20,(anonymous_86)
FNDA:20,(anonymous_87)
FNDA:48,(anonymous_88)
FNDA:43,(anonymous_89)
FNDA:34,(anonymous_90)
FNDA:32,(anonymous_91)
FNDA:31,(anonymous_92)
FNDA:1,(anonymous_93)
FNDA:32,(anonymous_94)
FNDA:198,(anonymous_95)
FNDA:258,(anonymous_96)
FNDA:60,(anonymous_97)
FNDA:966,(anonymous_98)
FNDA:119,(anonymous_99)
FNDA:823,(anonymous_100)
FNDA:606,(anonymous_101)
FNDA:1110,(anonymous_102)
FNDA:225,(anonymous_103)
FNDA:179,(anonymous_104)
FNDA:207,(anonymous_105)
FNDA:216,(anonymous_106)
FNDA:39,(anonymous_107)
FNDA:42,(anonymous_108)
FNDA:13,(anonymous_109)
FNDA:61,(anonymous_110)
FNDA:83,(anonymous_111)
FNDA:127,(anonymous_112)
FNDA:2,(anonymous_113)
FNDA:54,(anonymous_114)
FNDA:594,(anonymous_115)
FNDA:358,(anonymous_116)
FNDA:14266,(anonymous_117)
FNDA:303,(anonymous_118)
FNDA:158,(anonymous_119)
FNDA:14151,(anonymous_120)
FNDA:4841,(anonymous_121)
FNDA:14069,(anonymous_122)
FNDA:14069,(anonymous_123)
FNDA:14071,(anonymous_124)
FNDA:2,(anonymous_125)
FNDA:1,(anonymous_126)
FNDA:1,(anonymous_127)
FNDA:28050,(anonymous_128)
FNDA:22743,(anonymous_129)
FNDA:13,(anonymous_130)
FNDA:13,(anonymous_131)
FNDA:17,(anonymous_132)
FNDA:16,(anonymous_133)
FNDA:15,(anonymous_134)
FNDA:8,(anonymous_135)
FNDA:8,(anonymous_136)
FNDA:3,(anonymous_137)
FNDA:11,(anonymous_138)
FNDA:19,(anonymous_139)
FNDA:19,(anonymous_140)
FNDA:18,(anonymous_141)
FNDA:12,(anonymous_142)
FNDA:2,(anonymous_143)
FNDA:14,(anonymous_144)
FNDA:70,(anonymous_145)
FNDA:57,(anonymous_146)
FNDA:2,(anonymous_147)
FNDA:2,(anonymous_148)
FNDA:0,(anonymous_149)
FNDA:14069,(anonymous_150)
FNDA:14069,(anonymous_151)
FNDA:2,(anonymous_152)
FNDA:14069,(anonymous_153)
FNDA:14069,(anonymous_154)
FNDA:1,(anonymous_155)
FNDA:106,(anonymous_156)
FNDA:28,(anonymous_157)
FNDA:0,(anonymous_158)
FNDA:77,(anonymous_159)
FNDA:4,(anonymous_160)
FNDA:6,(anonymous_161)
FNDA:36,(anonymous_162)
FNDA:16,(anonymous_163)
FNDA:0,(anonymous_164)
FNDA:0,(anonymous_165)
FNDA:17,(anonymous_166)
FNDA:120,(anonymous_167)
FNDA:36,(anonymous_168)
FNDA:8,(anonymous_169)
FNDA:58,(anonymous_170)
FNDA:119,(anonymous_171)
FNDA:342,(anonymous_172)
FNDA:342,(anonymous_173)
FNDA:18,(anonymous_174)
DA:22,14
DA:23,14
DA:24,14
DA:25,14
DA:26,14
DA:27,0
DA:32,21
DA:38,4820
DA:46,14071
DA:47,7
DA:53,80
DA:59,6
DA:62,1
DA:66,342
DA:325,332
DA:353,1
DA:453,356
DA:454,356
DA:558,356
DA:559,356
DA:582,356
DA:583,356
DA:616,356
DA:617,356
DA:659,342
DA:716,282
DA:726,649
DA:727,386
DA:753,649
DA:754,21
DA:755,638
DA:756,13
DA:759,649
DA:766,598
DA:773,365
DA:784,199
DA:786,199
DA:787,732
DA:788,705
DA:791,732
DA:792,372
DA:796,199
DA:803,198
DA:813,10
DA:822,123
DA:825,79
DA:832,2
DA:833,1
DA:837,1
DA:842,6
DA:843,4
DA:847,0
DA:851,289
DA:855,289
DA:859,1
DA:866,23
DA:871,353
DA:873,339
DA:874,339
DA:881,121
DA:882,45
DA:885,76
DA:886,76
DA:888,0
DA:892,121
DA:896,48
DA:897,48
DA:898,48
DA:904,342
DA:905,342
DA:906,1
DA:909,342
DA:910,1
DA:911,1
DA:912,1
DA:916,342
DA:917,22
DA:918,22
DA:919,1
DA:923,342
DA:924,320
DA:931,320
DA:932,1280
DA:933,1280
DA:934,4
DA:941,359
DA:945,439
DA:949,439
DA:951,425
DA:952,425
DA:953,425
DA:954,425
DA:961,425
DA:963,14
DA:968,14862
DA:972,225
DA:973,222
DA:978,4
DA:979,3
DA:983,1952
DA:984,1952
DA:985,1
DA:988,1952
DA:990,1951
DA:1000,70
DA:1001,70
DA:1002,70
DA:1018,70
DA:1022,390
DA:1024,105
DA:1025,97
DA:1030,8
DA:1031,9
DA:1032,9
DA:1036,70
DA:1038,70
DA:1039,67
DA:1042,3
DA:1045,3
DA:1047,3
DA:1050,3
DA:1054,464
DA:1057,464
DA:1058,374
DA:1094,464
DA:1098,464
DA:1100,464
DA:1106,425
DA:1107,84
DA:1108,55
DA:1112,55
DA:1118,1046
DA:1123,30
DA:1124,30
DA:1125,30
DA:1126,79
DA:1127,79
DA:1128,79
DA:1129,79
DA:1134,175
DA:1135,49
DA:1137,85
DA:1138,85
DA:1143,46
DA:1145,84
DA:1146,84
DA:1151,420
DA:1152,5118
DA:1153,14998
DA:1154,4698
DA:1161,420
DA:1165,195
DA:1166,119
DA:1168,76
DA:1173,83
DA:1177,66
DA:1181,23
DA:1185,43
DA:1189,18
DA:1190,18
DA:1192,18
DA:1194,17
DA:1195,17
DA:1196,4
DA:1199,17
DA:1200,4
DA:1203,13
DA:1206,17
DA:1211,38
DA:1212,38
DA:1213,38
DA:1218,34
DA:1219,34
DA:1221,34
DA:1223,11
DA:1224,11
DA:1228,23
DA:1231,23
DA:1232,23
DA:1233,76
DA:1234,20
DA:1235,20
DA:1236,20
DA:1237,20
DA:1238,20
DA:1247,23
DA:1248,23
DA:1249,23
DA:1250,76
DA:1251,4
DA:1252,6
DA:1255,72
DA:1256,74
DA:1260,76
DA:1261,34
DA:1262,34
DA:1263,34
DA:1264,34
DA:1265,20
DA:1267,20
DA:1271,76
DA:1275,20
DA:1276,20
DA:1280,23
DA:1284,48
DA:1285,48
DA:1286,48
DA:1287,43
DA:1288,43
DA:1291,48
DA:1292,14
DA:1295,34
DA:1299,34
DA:1302,32
DA:1303,32
DA:1304,32
DA:1307,31
DA:1308,31
DA:1311,31
DA:1314,1
DA:1317,32
DA:1323,198
DA:1324,198
DA:1330,198
DA:1331,258
DA:1334,60
DA:1339,198
DA:1340,27
DA:1341,6
DA:1342,6
DA:1343,6
DA:1344,21
DA:1345,12
DA:1346,12
DA:1350,180
DA:1351,23
DA:1354,180
DA:1358,966
DA:1363,119
DA:1365,59
DA:1368,49
DA:1370,49
DA:1374,823
DA:1375,22
DA:1377,801
DA:1381,606
DA:1385,1110
DA:1386,1110
DA:1387,1110
DA:1391,225
DA:1392,225
DA:1393,113
DA:1396,225
DA:1397,225
DA:1399,225
DA:1400,179
DA:1401,179
DA:1402,179
DA:1403,179
DA:1407,179
DA:1408,179
DA:1417,207
DA:1419,207
DA:1424,202
DA:1429,216
DA:1431,140
DA:1432,140
DA:1436,39
DA:1438,37
DA:1439,37
DA:1440,29
DA:1444,42
DA:1446,40
DA:1447,40
DA:1448,31
DA:1452,13
DA:1454,11
DA:1455,11
DA:1459,61
DA:1463,83
DA:1464,58
DA:1465,58
DA:1466,58
DA:1467,58
DA:1468,58
DA:1472,127
DA:1473,119
DA:1474,119
DA:1475,119
DA:1476,119
DA:1477,119
DA:1478,119
DA:1482,2
DA:1483,1
DA:1485,1
DA:1492,54
DA:1493,2
DA:1494,2
DA:1496,52
DA:1499,53
DA:1500,18
DA:1505,594
DA:1506,594
DA:1507,358
DA:1509,594
DA:1511,594
DA:1512,594
DA:1513,221
DA:1514,14266
DA:1517,221
DA:1518,303
DA:1520,303
DA:1521,206
DA:1522,158
DA:1523,48
DA:1529,594
DA:1533,14151
DA:1540,4841
DA:1541,14069
DA:1543,14069
DA:1544,14069
DA:1546,14069
DA:1547,14069
DA:1548,14069
DA:1549,14069
DA:1550,14069
DA:1551,14069
DA:1552,14069
DA:1555,14071
DA:1559,14069
DA:1564,14069
DA:1582,14069
DA:1585,14069
DA:1586,14069
DA:1588,14069
DA:1589,4437
DA:1591,4437
DA:1596,4437
DA:1599,4437
DA:1600,4437
DA:1601,4437
DA:1602,4437
DA:1603,4437
DA:1609,4437
DA:1613,4437
DA:1614,2
DA:1617,4437
DA:1618,1
DA:1619,1
DA:1620,1
DA:1622,4436
DA:1623,1
DA:1627,28050
DA:1628,22743
DA:1629,14069
DA:1630,12473
DA:1631,12473
DA:1632,12473
DA:1636,14069
DA:1637,127
DA:1639,127
DA:1640,127
DA:1641,127
DA:1643,127
DA:1644,9
DA:1645,9
DA:1649,9
DA:1652,0
DA:1655,9
DA:1660,14069
DA:1663,4841
DA:1664,13
DA:1665,13
DA:1666,6
DA:1669,4841
DA:1673,17
DA:1676,16
DA:1679,15
DA:1680,15
DA:1683,8
DA:1685,8
DA:1686,8
DA:1690,3
DA:1693,11
DA:1702,19
DA:1704,19
DA:1714,19
DA:1717,18
DA:1718,18
DA:1721,12
DA:1724,2
DA:1727,14
DA:1733,70
DA:1734,5
DA:1737,65
DA:1739,65
DA:1740,57
DA:1741,6
DA:1743,51
DA:1746,57
DA:1748,65
DA:1756,65
DA:1757,4
DA:1758,2
DA:1760,2
DA:1769,14069
DA:1770,14069
DA:1771,2
DA:1777,14069
DA:1778,14069
DA:1779,1
DA:1785,106
DA:1786,13
DA:1789,93
DA:1790,20
DA:1793,93
DA:1797,93
DA:1798,77
DA:1800,16
DA:1803,93
DA:1805,93
DA:1806,77
DA:1808,16
DA:1811,93
DA:1812,3
DA:1815,93
DA:1816,19
DA:1819,19
DA:1820,19
DA:1826,28
DA:1827,14
DA:1828,14
DA:1830,0
DA:1831,0
DA:1835,14
DA:1841,77
DA:1842,21
DA:1845,56
DA:1846,26
DA:1848,26
DA:1849,2
DA:1850,4
DA:1852,24
DA:1853,2
DA:1854,6
DA:1858,26
DA:1862,30
DA:1866,30
DA:1867,28
DA:1870,30
DA:1871,13
DA:1872,36
DA:1873,30
DA:1878,30
DA:1879,28
DA:1880,28
DA:1881,13
DA:1882,6
DA:1889,16
DA:1890,1
DA:1893,15
DA:1894,7
DA:1896,7
DA:1897,0
DA:1898,0
DA:1900,7
DA:1901,0
DA:1902,0
DA:1906,7
DA:1909,8
DA:1910,8
DA:1911,6
DA:1912,17
DA:1913,17
DA:1914,17
DA:1919,8
DA:1924,8
DA:1926,8
DA:1927,8
DA:1928,4
DA:1929,1
DA:1935,120
DA:1936,120
DA:1940,36
DA:1941,36
DA:1945,8
DA:1946,7
DA:1947,6
DA:1948,6
DA:1949,6
DA:1953,58
DA:1955,58
DA:1959,119
DA:1961,119
DA:1966,342
DA:1967,342
DA:1969,342
DA:1973,342
DA:1974,342
DA:1975,342
DA:1976,342
LF:501
LH:491
BRDA:24,0,0,0
BRDA:24,0,1,14
BRDA:25,1,0,0
BRDA:25,1,1,14
BRDA:26,2,0,14
BRDA:26,2,1,0
BRDA:32,3,0,1
BRDA:32,3,1,20
BRDA:46,4,0,14064
BRDA:46,4,1,7
BRDA:47,5,0,1
BRDA:47,5,1,6
BRDA:47,6,0,7
BRDA:47,6,1,2
BRDA:53,7,0,73
BRDA:53,7,1,7
BRDA:59,8,0,6
BRDA:726,9,0,386
BRDA:726,10,0,649
BRDA:726,10,1,359
BRDA:726,10,2,279
BRDA:726,10,3,264
BRDA:753,11,0,11
BRDA:753,11,1,638
BRDA:755,12,0,9
BRDA:755,12,1,629
BRDA:787,13,0,705
BRDA:787,13,1,27
BRDA:787,14,0,732
BRDA:787,14,1,71
BRDA:791,15,0,372
BRDA:791,15,1,360
BRDA:791,16,0,732
BRDA:791,16,1,421
BRDA:813,17,0,3
BRDA:813,17,1,7
BRDA:825,18,0,79
BRDA:825,18,1,10
BRDA:832,19,0,1
BRDA:832,19,1,1
BRDA:842,20,0,2
BRDA:842,20,1,4
BRDA:842,21,0,6
BRDA:842,21,1,5
BRDA:843,22,0,1
BRDA:843,22,1,3
BRDA:843,23,0,4
BRDA:843,23,1,1
BRDA:843,23,2,1
BRDA:855,24,0,167
BRDA:855,24,1,122
BRDA:866,25,0,23
BRDA:871,26,0,14
BRDA:871,26,1,339
BRDA:881,27,0,45
BRDA:881,27,1,76
BRDA:885,28,0,76
BRDA:885,28,1,0
BRDA:898,29,0,39
BRDA:898,29,1,9
BRDA:905,30,0,14
BRDA:905,30,1,328
BRDA:909,31,0,1
BRDA:909,31,1,341
BRDA:909,32,0,342
BRDA:909,32,1,28
BRDA:916,33,0,22
BRDA:916,33,1,320
BRDA:923,34,0,320
BRDA:923,34,1,22
BRDA:945,35,0,98
BRDA:945,35,1,341
BRDA:949,36,0,425
BRDA:949,36,1,14
BRDA:968,37,0,0
BRDA:968,37,1,14862
BRDA:972,38,0,222
BRDA:972,38,1,3
BRDA:973,39,0,124
BRDA:973,39,1,98
BRDA:979,40,0,1
BRDA:979,40,1,2
BRDA:988,41,0,1
BRDA:988,41,1,1951
BRDA:990,42,0,1881
BRDA:990,42,1,70
BRDA:1001,43,0,70
BRDA:1001,43,1,67
BRDA:1022,44,0,285
BRDA:1022,44,1,105
BRDA:1024,45,0,97
BRDA:1024,45,1,8
BRDA:1025,46,0,67
BRDA:1025,46,1,30
BRDA:1030,47,0,2
BRDA:1030,47,1,6
BRDA:1038,48,0,67
BRDA:1038,48,1,3
BRDA:1042,49,0,1
BRDA:1042,49,1,2
BRDA:1043,50,0,1
BRDA:1043,50,1,0
BRDA:1044,51,0,2
BRDA:1044,51,1,0
BRDA:1047,52,0,3
BRDA:1047,52,1,3
BRDA:1050,53,0,3
BRDA:1050,53,1,0
BRDA:1057,54,0,374
BRDA:1057,55,0,464
BRDA:1057,55,1,125
BRDA:1057,55,2,94
BRDA:1057,55,3,90
BRDA:1098,56,0,51
BRDA:1098,56,1,413
BRDA:1107,57,0,29
BRDA:1107,57,1,55
BRDA:1123,58,0,30
BRDA:1127,59,0,14
BRDA:1127,59,1,65
BRDA:1134,60,0,126
BRDA:1134,60,1,49
BRDA:1153,61,0,4698
BRDA:1153,61,1,10300
BRDA:1153,62,0,14998
BRDA:1153,62,1,14626
BRDA:1165,63,0,119
BRDA:1165,63,1,76
BRDA:1192,64,0,1
BRDA:1192,64,1,17
BRDA:1195,65,0,4
BRDA:1195,65,1,13
BRDA:1195,66,0,17
BRDA:1195,66,1,5
BRDA:1195,66,2,5
BRDA:1195,66,3,2
BRDA:1199,67,0,4
BRDA:1199,67,1,13
BRDA:1211,68,0,38
BRDA:1211,69,0,38
BRDA:1211,69,1,38
BRDA:1221,70,0,11
BRDA:1221,70,1,23
BRDA:1233,71,0,20
BRDA:1233,71,1,56
BRDA:1250,72,0,4
BRDA:1250,72,1,72
BRDA:1250,73,0,76
BRDA:1250,73,1,6
BRDA:1260,74,0,34
BRDA:1260,74,1,42
BRDA:1263,75,0,27
BRDA:1263,75,1,7
BRDA:1264,76,0,20
BRDA:1264,76,1,14
BRDA:1267,77,0,20
BRDA:1271,78,0,20
BRDA:1271,78,1,56
BRDA:1272,79,0,76
BRDA:1272,79,1,42
BRDA:1272,79,2,13
BRDA:1272,79,3,45
BRDA:1291,80,0,14
BRDA:1291,80,1,34
BRDA:1291,81,0,48
BRDA:1291,81,1,42
BRDA:1291,81,2,34
BRDA:1311,82,0,29
BRDA:1311,82,1,2
BRDA:1324,83,0,198
BRDA:1324,83,1,41
BRDA:1334,84,0,55
BRDA:1334,84,1,5
BRDA:1339,85,0,27
BRDA:1339,85,1,171
BRDA:1340,86,0,6
BRDA:1340,86,1,21
BRDA:1344,87,0,12
BRDA:1344,87,1,9
BRDA:1350,88,0,23
BRDA:1350,88,1,157
BRDA:1358,89,0,45
BRDA:1358,89,1,921
BRDA:1363,90,0,60
BRDA:1363,90,1,59
BRDA:1365,91,0,10
BRDA:1365,91,1,49
BRDA:1365,92,0,59
BRDA:1365,92,1,24
BRDA:1365,92,2,11
BRDA:1368,93,0,0
BRDA:1368,93,1,49
BRDA:1368,94,0,49
BRDA:1368,94,1,16
BRDA:1374,95,0,22
BRDA:1374,95,1,801
BRDA:1374,96,0,823
BRDA:1374,96,1,48
BRDA:1385,97,0,46
BRDA:1385,97,1,1064
BRDA:1387,98,0,1094
BRDA:1387,98,1,16
BRDA:1387,99,0,1110
BRDA:1387,99,1,1094
BRDA:1390,100,0,223
BRDA:1392,101,0,113
BRDA:1392,101,1,112
BRDA:1392,102,0,225
BRDA:1392,102,1,137
BRDA:1399,103,0,179
BRDA:1399,103,1,46
BRDA:1399,104,0,225
BRDA:1399,104,1,181
BRDA:1403,105,0,159
BRDA:1403,105,1,20
BRDA:1407,106,0,179
BRDA:1407,106,1,0
BRDA:1416,107,0,121
BRDA:1419,108,0,202
BRDA:1419,108,1,5
BRDA:1420,109,0,207
BRDA:1420,109,1,121
BRDA:1420,109,2,5
BRDA:1420,109,3,5
BRDA:1429,110,0,76
BRDA:1429,110,1,140
BRDA:1436,111,0,2
BRDA:1436,111,1,37
BRDA:1439,112,0,8
BRDA:1439,112,1,29
BRDA:1444,113,0,2
BRDA:1444,113,1,40
BRDA:1447,114,0,9
BRDA:1447,114,1,31
BRDA:1452,115,0,2
BRDA:1452,115,1,11
BRDA:1463,116,0,25
BRDA:1463,116,1,58
BRDA:1463,117,0,83
BRDA:1463,117,1,65
BRDA:1463,117,2,63
BRDA:1472,118,0,8
BRDA:1472,118,1,119
BRDA:1472,119,0,127
BRDA:1472,119,1,123
BRDA:1476,120,0,13
BRDA:1476,120,1,106
BRDA:1476,121,0,119
BRDA:1476,121,1,21
BRDA:1482,122,0,1
BRDA:1482,122,1,1
BRDA:1492,123,0,2
BRDA:1492,123,1,52
BRDA:1494,124,0,1
BRDA:1494,124,1,1
BRDA:1499,125,0,18
BRDA:1499,125,1,35
BRDA:1499,126,0,53
BRDA:1499,126,1,38
BRDA:1512,127,0,221
BRDA:1512,127,1,373
BRDA:1520,128,0,206
BRDA:1520,128,1,97
BRDA:1520,129,0,303
BRDA:1520,129,1,211
BRDA:1522,130,0,48
BRDA:1522,130,1,110
BRDA:1548,131,0,1596
BRDA:1548,131,1,12473
BRDA:1549,132,0,14069
BRDA:1549,132,1,9653
BRDA:1551,133,0,14069
BRDA:1551,133,1,13996
BRDA:1551,133,2,13805
BRDA:1551,133,3,12297
BRDA:1559,134,0,1596
BRDA:1559,134,1,12473
BRDA:1568,135,0,1596
BRDA:1568,135,1,12473
BRDA:1569,136,0,1596
BRDA:1569,136,1,12473
BRDA:1588,137,0,4437
BRDA:1588,137,1,9632
BRDA:1596,138,0,8
BRDA:1596,138,1,4429
BRDA:1609,139,0,4416
BRDA:1609,139,1,21
BRDA:1613,140,0,6
BRDA:1613,140,1,4431
BRDA:1617,141,0,1
BRDA:1617,141,1,4436
BRDA:1617,142,0,4437
BRDA:1617,142,1,21
BRDA:1622,143,0,1
BRDA:1622,143,1,4435
BRDA:1622,144,0,4436
BRDA:1622,144,1,20
BRDA:1628,145,0,9632
BRDA:1628,145,1,4437
BRDA:1629,146,0,12473
BRDA:1629,146,1,1596
BRDA:1631,147,0,9020
BRDA:1631,147,1,3453
BRDA:1632,148,0,65
BRDA:1632,148,1,12408
BRDA:1636,149,0,127
BRDA:1636,149,1,13942
BRDA:1636,150,0,14069
BRDA:1636,150,1,14069
BRDA:1643,151,0,9
BRDA:1643,151,1,118
BRDA:1643,152,0,127
BRDA:1643,152,1,9
BRDA:1649,153,0,0
BRDA:1649,153,1,9
BRDA:1649,154,0,9
BRDA:1649,154,1,8
BRDA:1663,155,0,6
BRDA:1663,155,1,4835
BRDA:1733,156,0,5
BRDA:1733,156,1,65
BRDA:1733,157,0,70
BRDA:1733,157,1,69
BRDA:1740,158,0,6
BRDA:1740,158,1,51
BRDA:1756,159,0,4
BRDA:1756,159,1,61
BRDA:1770,160,0,14069
BRDA:1770,160,1,54
BRDA:1778,161,0,14069
BRDA:1778,161,1,9632
BRDA:1785,162,0,13
BRDA:1785,162,1,93
BRDA:1785,163,0,106
BRDA:1785,163,1,106
BRDA:1789,164,0,20
BRDA:1789,164,1,73
BRDA:1793,165,0,40
BRDA:1793,165,1,53
BRDA:1793,166,0,93
BRDA:1793,166,1,73
BRDA:1797,167,0,77
BRDA:1797,167,1,16
BRDA:1805,168,0,77
BRDA:1805,168,1,16
BRDA:1811,169,0,3
BRDA:1811,169,1,90
BRDA:1811,170,0,93
BRDA:1811,170,1,4
BRDA:1811,170,2,4
BRDA:1811,170,3,2
BRDA:1815,171,0,19
BRDA:1815,171,1,74
BRDA:1815,172,0,93
BRDA:1815,172,1,20
BRDA:1819,173,0,19
BRDA:1826,174,0,14
BRDA:1826,174,1,14
BRDA:1827,175,0,14
BRDA:1827,175,1,0
BRDA:1827,176,0,14
BRDA:1827,176,1,0
BRDA:1841,177,0,21
BRDA:1841,177,1,56
BRDA:1841,178,0,77
BRDA:1841,178,1,57
BRDA:1845,179,0,26
BRDA:1845,179,1,30
BRDA:1848,180,0,2
BRDA:1848,180,1,24
BRDA:1850,181,0,3
BRDA:1850,181,1,1
BRDA:1850,182,0,4
BRDA:1850,182,1,4
BRDA:1852,183,0,2
BRDA:1852,183,1,22
BRDA:1854,184,0,5
BRDA:1854,184,1,1
BRDA:1854,185,0,6
BRDA:1854,185,1,6
BRDA:1862,186,0,30
BRDA:1862,186,1,13
BRDA:1862,186,2,4
BRDA:1866,187,0,28
BRDA:1866,187,1,2
BRDA:1870,188,0,13
BRDA:1870,188,1,17
BRDA:1872,189,0,30
BRDA:1872,189,1,6
BRDA:1872,190,0,36
BRDA:1872,190,1,12
BRDA:1878,191,0,28
BRDA:1878,191,1,2
BRDA:1881,192,0,7
BRDA:1881,192,1,6
BRDA:1889,193,0,1
BRDA:1889,193,1,15
BRDA:1893,194,0,7
BRDA:1893,194,1,8
BRDA:1896,195,0,0
BRDA:1896,195,1,7
BRDA:1898,196,0,0
BRDA:1898,196,1,0
BRDA:1898,197,0,0
BRDA:1898,197,1,0
BRDA:1900,198,0,0
BRDA:1900,198,1,7
BRDA:1902,199,0,0
BRDA:1902,199,1,0
BRDA:1902,200,0,0
BRDA:1902,200,1,0
BRDA:1910,201,0,6
BRDA:1910,201,1,2
BRDA:1912,202,0,17
BRDA:1912,202,1,0
BRDA:1912,203,0,17
BRDA:1912,203,1,0
BRDA:1919,204,0,8
BRDA:1919,204,1,0
BRDA:1920,205,0,8
BRDA:1920,205,1,6
BRDA:1920,205,2,0
BRDA:1928,206,0,3
BRDA:1928,206,1,1
BRDA:1945,207,0,1
BRDA:1945,207,1,7
BRDA:1946,208,0,1
BRDA:1946,208,1,6
BRDA:1955,209,0,53
BRDA:1961,210,0,114
BRDA:1973,211,0,3
BRDA:1973,211,1,339
BRDA:1974,212,0,4
BRDA:1974,212,1,338
BRDA:1974,213,0,342
BRDA:1974,213,1,28
BRDA:1974,213,2,14
BRDA:1975,214,0,19
BRDA:1975,214,1,323
BRDA:1976,215,0,2
BRDA:1976,215,1,340
BRDA:1976,216,0,342
BRDA:1976,216,1,14
BRF:443
BRH:416
end_of_record
TN:
SF:src/utils/constant.js
FNF:0
FNH:0
LF:0
LH:0
BRF:0
BRH:0
end_of_record
TN:
SF:src/utils/createMap.js
FN:1,(anonymous_0)
FNF:1
FNH:1
FNDA:3324,(anonymous_0)
DA:1,3324
LF:1
LH:1
BRF:0
BRH:0
end_of_record
TN:
SF:src/utils/debounce.js
FNF:0
FNH:0
LF:0
LH:0
BRF:0
BRH:0
end_of_record
TN:
SF:src/utils/deepExtend.js
FN:1,isPlainObject
FN:6,copy
FN:15,deepExtend
FNF:3
FNH:3
FNDA:49,isPlainObject
FNDA:30,copy
FNDA:19,deepExtend
DA:2,49
DA:3,25
DA:7,30
DA:8,8
DA:9,8
DA:11,22
DA:16,19
DA:17,17
DA:19,17
DA:20,30
DA:24,19
LF:11
LH:11
BRDA:2,0,0,24
BRDA:2,0,1,25
BRDA:2,1,0,49
BRDA:2,1,1,47
BRDA:7,2,0,8
BRDA:7,2,1,22
BRDA:8,3,0,8
BRDA:8,3,1,8
BRDA:16,4,0,17
BRDA:16,4,1,2
BRF:10
BRH:10
end_of_record
TN:
SF:src/utils/find.js
FN:1,find
FNF:1
FNH:1
FNDA:35,find
DA:2,35
DA:3,36
DA:5,1
LF:3
LH:3
BRDA:3,0,0,34
BRDA:3,0,1,2
BRF:2
BRH:2
end_of_record
TN:
SF:src/utils/identity.js
FNF:0
FNH:0
LF:0
LH:0
BRF:0
BRH:0
end_of_record
TN:
SF:src/utils/includes.js
FN:1,includes
FNF:1
FNH:1
FNDA:1443,includes
DA:2,1443
LF:1
LH:1
BRF:0
BRH:0
end_of_record
TN:
SF:src/utils/index.js
FNF:0
FNH:0
LF:0
LH:0
BRF:0
BRH:0
end_of_record
TN:
SF:src/utils/isNaN.js
FN:1,isNaN
FNF:1
FNH:1
FNDA:13,isNaN
DA:2,13
LF:1
LH:1
BRF:0
BRH:0
end_of_record
TN:
SF:src/utils/isPromise.js
FNF:0
FNH:0
LF:0
LH:0
BRF:0
BRH:0
end_of_record
TN:
SF:src/utils/last.js
FNF:0
FNH:0
LF:0
LH:0
BRF:0
BRH:0
end_of_record
TN:
SF:src/utils/noop.js
FNF:0
FNH:0
LF:0
LH:0
BRF:0
BRH:0
end_of_record
TN:
SF:src/utils/onLeftClick.js
FN:1,onLeftClick
FN:2,onMouseDown
FNF:2
FNH:2
FNDA:11,onLeftClick
FNDA:48,onMouseDown
DA:2,11
DA:3,48
DA:4,45
LF:3
LH:3
BRDA:3,0,0,45
BRDA:3,0,1,3
BRDA:3,1,0,48
BRDA:3,1,1,47
BRF:4
BRH:4
end_of_record
TN:
SF:src/utils/once.js
FNF:0
FNH:0
LF:0
LH:0
BRF:0
BRH:0
end_of_record
TN:
SF:src/utils/quickDiff.js
FN:1,quickDiff
FNF:1
FNH:1
FNDA:805,quickDiff
DA:2,805
DA:4,554
DA:5,217
DA:8,546
LF:4
LH:4
BRDA:2,0,0,251
BRDA:2,0,1,554
BRDA:5,1,0,8
BRDA:5,1,1,209
BRF:4
BRH:4
end_of_record
TN:
SF:src/utils/removeFromArray.js
FN:1,removeFromArray
FNF:1
FNH:1
FNDA:39,removeFromArray
DA:2,39
DA:3,39
LF:2
LH:2
BRDA:3,0,0,36
BRDA:3,0,1,3
BRF:2
BRH:2
end_of_record
TN:
SF:src/utils/scrollIntoView.js
FN:2,scrollIntoView
FNF:1
FNH:1
FNDA:159,scrollIntoView
DA:3,159
DA:4,159
DA:5,159
DA:7,159
DA:8,5
DA:12,154
DA:13,1
LF:7
LH:7
BRDA:7,0,0,5
BRDA:7,0,1,154
BRDA:12,1,0,1
BRDA:12,1,1,153
BRF:4
BRH:4
end_of_record
TN:
SF:src/utils/setupResizeAndScrollEventListeners.js
FN:1,findScrollParents
FN:14,isScrollElment
FN:20,setupResizeAndScrollEventListeners
FN:24,(anonymous_3)
FN:28,removeEventListeners
FN:30,(anonymous_5)
FNF:6
FNH:6
FNDA:119,findScrollParents
FNDA:127,isScrollElment
FNDA:119,setupResizeAndScrollEventListeners
FNDA:120,(anonymous_3)
FNDA:70,removeEventListeners
FNDA:71,(anonymous_5)
DA:2,119
DA:3,119
DA:5,119
DA:6,127
DA:7,127
DA:9,119
DA:11,119
DA:16,127
DA:17,127
DA:21,119
DA:23,119
DA:24,119
DA:25,120
DA:28,119
DA:29,70
DA:30,70
DA:31,71
LF:17
LH:17
BRDA:5,0,0,246
BRDA:5,0,1,158
BRDA:5,0,2,127
BRDA:6,1,0,1
BRDA:6,1,1,126
BRF:5
BRH:5
end_of_record
TN:
SF:src/utils/warning.js
FN:5,warning
FNF:1
FNH:1
FNDA:31738,warning
DA:3,1
DA:6,31738
DA:7,13
DA:9,13
LF:4
LH:4
BRDA:3,0,0,1
BRDA:6,1,0,13
BRDA:6,1,1,31725
BRF:3
BRH:3
end_of_record
TN:
SF:src/utils/watchSize.js
FN:8,run
FN:9,(anonymous_1)
FN:14,stop
FN:19,test
FN:32,watchSizeForIE9
FN:39,(anonymous_5)
FN:53,watchSize
FN:59,(anonymous_7)
FNF:8
FNH:8
FNDA:1,run
FNDA:2,(anonymous_1)
FNDA:1,stop
FNDA:3,test
FNDA:1,watchSizeForIE9
FNDA:1,(anonymous_5)
FNDA:120,watchSize
FNDA:124,(anonymous_7)
DA:5,1
DA:6,1
DA:9,1
DA:10,2
DA:15,1
DA:16,1
DA:20,3
DA:21,3
DA:22,3
DA:24,3
DA:25,3
DA:26,3
DA:28,3
DA:33,1
DA:39,1
DA:40,1
DA:41,1
DA:44,1
DA:47,1
DA:48,1
DA:50,1
DA:55,120
DA:58,120
DA:59,124
DA:60,120
DA:63,120
DA:64,120
DA:66,120
LF:28
LH:28
BRDA:24,0,0,3
BRDA:24,0,1,0
BRDA:24,1,0,3
BRDA:24,1,1,2
BRDA:41,2,0,1
BRDA:41,2,1,0
BRDA:59,3,0,124
BRDA:59,3,1,4
BRDA:60,4,0,1
BRDA:60,4,1,119
BRF:10
BRH:8
end_of_record
